{"name":"Create new contact [fail test cases]","status":"broken","statusDetails":{"known":false,"muted":false,"flaky":false,"message":"no such element: Unable to locate element: {\"method\":\"xpath\",\"selector\":\"//a[text()='Day Feld']//parent::td[@class='datalistrow']/following-sibling::td[1]\"}\n  (Session info: chrome=78.0.3904.70)\nFor documentation on this error, please visit: https://www.seleniumhq.org/exceptions/no_such_element.html\nBuild info: version: '3.141.59', revision: 'e82be7d358', time: '2018-11-14T08:17:03'\nSystem info: host: 'HP', ip: '192.168.0.26', os.name: 'Windows 10', os.arch: 'x86', os.version: '10.0', java.version: '1.8.0_211'\nDriver info: org.openqa.selenium.chrome.ChromeDriver\nCapabilities {acceptInsecureCerts: false, browserName: chrome, browserVersion: 78.0.3904.70, chrome: {chromedriverVersion: 77.0.3865.40 (f484704e052e0..., userDataDir: C:\\Users\\Admin\\AppData\\Loca...}, goog:chromeOptions: {debuggerAddress: localhost:62783}, javascriptEnabled: true, networkConnectionEnabled: false, pageLoadStrategy: normal, platform: XP, platformName: XP, proxy: Proxy(), setWindowRect: true, strictFileInteractability: false, timeouts: {implicit: 0, pageLoad: 300000, script: 30000}, unhandledPromptBehavior: dismiss and notify}\nSession ID: da8a55a145d4701a3791235830acbc0b\n*** Element info: {Using=xpath, value=//a[text()='Day Feld']//parent::td[@class='datalistrow']/following-sibling::td[1]}","trace":"org.openqa.selenium.NoSuchElementException: no such element: Unable to locate element: {\"method\":\"xpath\",\"selector\":\"//a[text()='Day Feld']//parent::td[@class='datalistrow']/following-sibling::td[1]\"}\n  (Session info: chrome=78.0.3904.70)\nFor documentation on this error, please visit: https://www.seleniumhq.org/exceptions/no_such_element.html\nBuild info: version: '3.141.59', revision: 'e82be7d358', time: '2018-11-14T08:17:03'\nSystem info: host: 'HP', ip: '192.168.0.26', os.name: 'Windows 10', os.arch: 'x86', os.version: '10.0', java.version: '1.8.0_211'\nDriver info: org.openqa.selenium.chrome.ChromeDriver\nCapabilities {acceptInsecureCerts: false, browserName: chrome, browserVersion: 78.0.3904.70, chrome: {chromedriverVersion: 77.0.3865.40 (f484704e052e0..., userDataDir: C:\\Users\\Admin\\AppData\\Loca...}, goog:chromeOptions: {debuggerAddress: localhost:62783}, javascriptEnabled: true, networkConnectionEnabled: false, pageLoadStrategy: normal, platform: XP, platformName: XP, proxy: Proxy(), setWindowRect: true, strictFileInteractability: false, timeouts: {implicit: 0, pageLoad: 300000, script: 30000}, unhandledPromptBehavior: dismiss and notify}\nSession ID: da8a55a145d4701a3791235830acbc0b\n*** Element info: {Using=xpath, value=//a[text()='Day Feld']//parent::td[@class='datalistrow']/following-sibling::td[1]}\r\n\tat sun.reflect.NativeConstructorAccessorImpl.newInstance0(Native Method)\r\n\tat sun.reflect.NativeConstructorAccessorImpl.newInstance(NativeConstructorAccessorImpl.java:62)\r\n\tat sun.reflect.DelegatingConstructorAccessorImpl.newInstance(DelegatingConstructorAccessorImpl.java:45)\r\n\tat java.lang.reflect.Constructor.newInstance(Constructor.java:423)\r\n\tat org.openqa.selenium.remote.http.W3CHttpResponseCodec.createException(W3CHttpResponseCodec.java:187)\r\n\tat org.openqa.selenium.remote.http.W3CHttpResponseCodec.decode(W3CHttpResponseCodec.java:122)\r\n\tat org.openqa.selenium.remote.http.W3CHttpResponseCodec.decode(W3CHttpResponseCodec.java:49)\r\n\tat org.openqa.selenium.remote.HttpCommandExecutor.execute(HttpCommandExecutor.java:158)\r\n\tat org.openqa.selenium.remote.service.DriverCommandExecutor.execute(DriverCommandExecutor.java:83)\r\n\tat org.openqa.selenium.remote.RemoteWebDriver.execute(RemoteWebDriver.java:552)\r\n\tat org.openqa.selenium.remote.RemoteWebDriver.findElement(RemoteWebDriver.java:323)\r\n\tat org.openqa.selenium.remote.RemoteWebDriver.findElementByXPath(RemoteWebDriver.java:428)\r\n\tat org.openqa.selenium.By$ByXPath.findElement(By.java:353)\r\n\tat org.openqa.selenium.remote.RemoteWebDriver.findElement(RemoteWebDriver.java:315)\r\n\tat CRMProPages.CRMContactPage.checkIfNewContactWasCreated(CRMContactPage.java:102)\r\n\tat CRMProPageTests.CRMContactPageTest.createNewContact2(CRMContactPageTest.java:36)\r\n\tat sun.reflect.NativeMethodAccessorImpl.invoke0(Native Method)\r\n\tat sun.reflect.NativeMethodAccessorImpl.invoke(NativeMethodAccessorImpl.java:62)\r\n\tat sun.reflect.DelegatingMethodAccessorImpl.invoke(DelegatingMethodAccessorImpl.java:43)\r\n\tat java.lang.reflect.Method.invoke(Method.java:498)\r\n\tat org.testng.internal.MethodInvocationHelper.invokeMethod(MethodInvocationHelper.java:124)\r\n\tat org.testng.internal.Invoker.invokeMethod(Invoker.java:583)\r\n\tat org.testng.internal.Invoker.invokeTestMethod(Invoker.java:719)\r\n\tat org.testng.internal.Invoker.invokeTestMethods(Invoker.java:989)\r\n\tat org.testng.internal.TestMethodWorker.invokeTestMethods(TestMethodWorker.java:125)\r\n\tat org.testng.internal.TestMethodWorker.run(TestMethodWorker.java:109)\r\n\tat org.testng.TestRunner.privateRun(TestRunner.java:648)\r\n\tat org.testng.TestRunner.run(TestRunner.java:505)\r\n\tat org.testng.SuiteRunner.runTest(SuiteRunner.java:455)\r\n\tat org.testng.SuiteRunner.runSequentially(SuiteRunner.java:450)\r\n\tat org.testng.SuiteRunner.privateRun(SuiteRunner.java:415)\r\n\tat org.testng.SuiteRunner.run(SuiteRunner.java:364)\r\n\tat org.testng.SuiteRunnerWorker.runSuite(SuiteRunnerWorker.java:52)\r\n\tat org.testng.SuiteRunnerWorker.run(SuiteRunnerWorker.java:84)\r\n\tat org.testng.TestNG.runSuitesSequentially(TestNG.java:1208)\r\n\tat org.testng.TestNG.runSuitesLocally(TestNG.java:1137)\r\n\tat org.testng.TestNG.runSuites(TestNG.java:1049)\r\n\tat org.testng.TestNG.run(TestNG.java:1017)\r\n\tat org.testng.IDEARemoteTestNG.run(IDEARemoteTestNG.java:73)\r\n\tat org.testng.RemoteTestNGStarter.main(RemoteTestNGStarter.java:123)\r\n"},"stage":"finished","steps":[{"name":"Clicked on new Contact","status":"passed","stage":"finished","steps":[],"attachments":[],"parameters":[],"start":1572644400972,"stop":1572644401367},{"name":"Adding user...","status":"passed","stage":"finished","steps":[{"name":"Clicking on --> [[ChromeDriver: chrome on XP (da8a55a145d4701a3791235830acbc0b)] -> xpath: //input[@value='Save']]","status":"passed","stage":"finished","steps":[],"attachments":[],"parameters":[{"name":"el","value":"[[ChromeDriver: chrome on XP (da8a55a145d4701a3791235830acbc0b)] -> xpath: //input[@value='Save']]"}],"start":1572644403927,"stop":1572644404853}],"attachments":[],"parameters":[{"name":"title","value":"Dr."},{"name":"ftName","value":"Year"},{"name":"ltName","value":"Feld"},{"name":"comp","value":"Arr"},{"name":"ph","value":"120"},{"name":"hp","value":"000"},{"name":"mp","value":"777"},{"name":"em","value":"ew@ex.com"}],"start":1572644401367,"stop":1572644404853},{"name":"Clicked on Contact","status":"passed","stage":"finished","steps":[],"attachments":[],"parameters":[],"start":1572644404854,"stop":1572644405012},{"name":"Checking if contact is created...","status":"broken","statusDetails":{"known":false,"muted":false,"flaky":false,"message":"no such element: Unable to locate element: {\"method\":\"xpath\",\"selector\":\"//a[text()='Day Feld']//parent::td[@class='datalistrow']/following-sibling::td[1]\"}\n  (Session info: chrome=78.0.3904.70)\nFor documentation on this error, please visit: https://www.seleniumhq.org/exceptions/no_such_element.html\nBuild info: version: '3.141.59', revision: 'e82be7d358', time: '2018-11-14T08:17:03'\nSystem info: host: 'HP', ip: '192.168.0.26', os.name: 'Windows 10', os.arch: 'x86', os.version: '10.0', java.version: '1.8.0_211'\nDriver info: org.openqa.selenium.chrome.ChromeDriver\nCapabilities {acceptInsecureCerts: false, browserName: chrome, browserVersion: 78.0.3904.70, chrome: {chromedriverVersion: 77.0.3865.40 (f484704e052e0..., userDataDir: C:\\Users\\Admin\\AppData\\Loca...}, goog:chromeOptions: {debuggerAddress: localhost:62783}, javascriptEnabled: true, networkConnectionEnabled: false, pageLoadStrategy: normal, platform: XP, platformName: XP, proxy: Proxy(), setWindowRect: true, strictFileInteractability: false, timeouts: {implicit: 0, pageLoad: 300000, script: 30000}, unhandledPromptBehavior: dismiss and notify}\nSession ID: da8a55a145d4701a3791235830acbc0b\n*** Element info: {Using=xpath, value=//a[text()='Day Feld']//parent::td[@class='datalistrow']/following-sibling::td[1]}","trace":"org.openqa.selenium.NoSuchElementException: no such element: Unable to locate element: {\"method\":\"xpath\",\"selector\":\"//a[text()='Day Feld']//parent::td[@class='datalistrow']/following-sibling::td[1]\"}\n  (Session info: chrome=78.0.3904.70)\nFor documentation on this error, please visit: https://www.seleniumhq.org/exceptions/no_such_element.html\nBuild info: version: '3.141.59', revision: 'e82be7d358', time: '2018-11-14T08:17:03'\nSystem info: host: 'HP', ip: '192.168.0.26', os.name: 'Windows 10', os.arch: 'x86', os.version: '10.0', java.version: '1.8.0_211'\nDriver info: org.openqa.selenium.chrome.ChromeDriver\nCapabilities {acceptInsecureCerts: false, browserName: chrome, browserVersion: 78.0.3904.70, chrome: {chromedriverVersion: 77.0.3865.40 (f484704e052e0..., userDataDir: C:\\Users\\Admin\\AppData\\Loca...}, goog:chromeOptions: {debuggerAddress: localhost:62783}, javascriptEnabled: true, networkConnectionEnabled: false, pageLoadStrategy: normal, platform: XP, platformName: XP, proxy: Proxy(), setWindowRect: true, strictFileInteractability: false, timeouts: {implicit: 0, pageLoad: 300000, script: 30000}, unhandledPromptBehavior: dismiss and notify}\nSession ID: da8a55a145d4701a3791235830acbc0b\n*** Element info: {Using=xpath, value=//a[text()='Day Feld']//parent::td[@class='datalistrow']/following-sibling::td[1]}\r\n\tat sun.reflect.NativeConstructorAccessorImpl.newInstance0(Native Method)\r\n\tat sun.reflect.NativeConstructorAccessorImpl.newInstance(NativeConstructorAccessorImpl.java:62)\r\n\tat sun.reflect.DelegatingConstructorAccessorImpl.newInstance(DelegatingConstructorAccessorImpl.java:45)\r\n\tat java.lang.reflect.Constructor.newInstance(Constructor.java:423)\r\n\tat org.openqa.selenium.remote.http.W3CHttpResponseCodec.createException(W3CHttpResponseCodec.java:187)\r\n\tat org.openqa.selenium.remote.http.W3CHttpResponseCodec.decode(W3CHttpResponseCodec.java:122)\r\n\tat org.openqa.selenium.remote.http.W3CHttpResponseCodec.decode(W3CHttpResponseCodec.java:49)\r\n\tat org.openqa.selenium.remote.HttpCommandExecutor.execute(HttpCommandExecutor.java:158)\r\n\tat org.openqa.selenium.remote.service.DriverCommandExecutor.execute(DriverCommandExecutor.java:83)\r\n\tat org.openqa.selenium.remote.RemoteWebDriver.execute(RemoteWebDriver.java:552)\r\n\tat org.openqa.selenium.remote.RemoteWebDriver.findElement(RemoteWebDriver.java:323)\r\n\tat org.openqa.selenium.remote.RemoteWebDriver.findElementByXPath(RemoteWebDriver.java:428)\r\n\tat org.openqa.selenium.By$ByXPath.findElement(By.java:353)\r\n\tat org.openqa.selenium.remote.RemoteWebDriver.findElement(RemoteWebDriver.java:315)\r\n\tat CRMProPages.CRMContactPage.checkIfNewContactWasCreated(CRMContactPage.java:102)\r\n\tat CRMProPageTests.CRMContactPageTest.createNewContact2(CRMContactPageTest.java:36)\r\n\tat sun.reflect.NativeMethodAccessorImpl.invoke0(Native Method)\r\n\tat sun.reflect.NativeMethodAccessorImpl.invoke(NativeMethodAccessorImpl.java:62)\r\n\tat sun.reflect.DelegatingMethodAccessorImpl.invoke(DelegatingMethodAccessorImpl.java:43)\r\n\tat java.lang.reflect.Method.invoke(Method.java:498)\r\n\tat org.testng.internal.MethodInvocationHelper.invokeMethod(MethodInvocationHelper.java:124)\r\n\tat org.testng.internal.Invoker.invokeMethod(Invoker.java:583)\r\n\tat org.testng.internal.Invoker.invokeTestMethod(Invoker.java:719)\r\n\tat org.testng.internal.Invoker.invokeTestMethods(Invoker.java:989)\r\n\tat org.testng.internal.TestMethodWorker.invokeTestMethods(TestMethodWorker.java:125)\r\n\tat org.testng.internal.TestMethodWorker.run(TestMethodWorker.java:109)\r\n\tat org.testng.TestRunner.privateRun(TestRunner.java:648)\r\n\tat org.testng.TestRunner.run(TestRunner.java:505)\r\n\tat org.testng.SuiteRunner.runTest(SuiteRunner.java:455)\r\n\tat org.testng.SuiteRunner.runSequentially(SuiteRunner.java:450)\r\n\tat org.testng.SuiteRunner.privateRun(SuiteRunner.java:415)\r\n\tat org.testng.SuiteRunner.run(SuiteRunner.java:364)\r\n\tat org.testng.SuiteRunnerWorker.runSuite(SuiteRunnerWorker.java:52)\r\n\tat org.testng.SuiteRunnerWorker.run(SuiteRunnerWorker.java:84)\r\n\tat org.testng.TestNG.runSuitesSequentially(TestNG.java:1208)\r\n\tat org.testng.TestNG.runSuitesLocally(TestNG.java:1137)\r\n\tat org.testng.TestNG.runSuites(TestNG.java:1049)\r\n\tat org.testng.TestNG.run(TestNG.java:1017)\r\n\tat org.testng.IDEARemoteTestNG.run(IDEARemoteTestNG.java:73)\r\n\tat org.testng.RemoteTestNGStarter.main(RemoteTestNGStarter.java:123)\r\n"},"stage":"finished","steps":[{"name":"Clicking on --> [[ChromeDriver: chrome on XP (da8a55a145d4701a3791235830acbc0b)] -> xpath: //div[@class='pagination']//a[1]]","status":"passed","stage":"finished","steps":[],"attachments":[],"parameters":[{"name":"el","value":"[[ChromeDriver: chrome on XP (da8a55a145d4701a3791235830acbc0b)] -> xpath: //div[@class='pagination']//a[1]]"}],"start":1572644406792,"stop":1572644407618},{"name":"Clicking on --> [[ChromeDriver: chrome on XP (da8a55a145d4701a3791235830acbc0b)] -> xpath: //div[@class='pagination']//a[2]]","status":"passed","stage":"finished","steps":[],"attachments":[],"parameters":[{"name":"el","value":"[[ChromeDriver: chrome on XP (da8a55a145d4701a3791235830acbc0b)] -> xpath: //div[@class='pagination']//a[2]]"}],"start":1572644408685,"stop":1572644409522},{"name":"Clicking on --> [[ChromeDriver: chrome on XP (da8a55a145d4701a3791235830acbc0b)] -> xpath: //div[@class='pagination']//a[3]]","status":"passed","stage":"finished","steps":[],"attachments":[],"parameters":[{"name":"el","value":"[[ChromeDriver: chrome on XP (da8a55a145d4701a3791235830acbc0b)] -> xpath: //div[@class='pagination']//a[3]]"}],"start":1572644410580,"stop":1572644411411}],"attachments":[],"parameters":[{"name":"title","value":"Dr."},{"name":"ftName","value":"Day"},{"name":"ltName","value":"Feld"},{"name":"comp","value":"Arr"},{"name":"ph","value":"120"},{"name":"hp","value":"000"},{"name":"mp","value":"777"},{"name":"em","value":"ew@ex.com"}],"start":1572644405012,"stop":1572644412472}],"attachments":[],"parameters":[],"start":1572644400971,"stop":1572644412484,"uuid":"0301e7e2-410d-45c5-abaf-92e434ce18fb","historyId":"ad2ab4bcfb737fa06f953020db949c0c","fullName":"CRMProPageTests.CRMContactPageTest.createNewContact2","labels":[{"name":"package","value":"CRMProPageTests.CRMContactPageTest"},{"name":"testClass","value":"CRMProPageTests.CRMContactPageTest"},{"name":"testMethod","value":"createNewContact2"},{"name":"parentSuite","value":"Smoke Test"},{"name":"suite","value":"Contact TC"},{"name":"subSuite","value":"CRMProPageTests.CRMContactPageTest"},{"name":"host","value":"HP"},{"name":"thread","value":"22324@HP.main(1)"},{"name":"framework","value":"testng"},{"name":"language","value":"java"}],"links":[]}